  10uniquelock.cpp
  11_conditional_variable.cpp
  16async.cpp
  17ProducerConsumerProblem .cpp
  18SleepVsWait.cpp
  1introthreading.cpp
  20StaticVariableisThreadSafeOrnot.cpp
  21_BinarySemaphore.cpp
  22MutexvsSemaphore.cpp
  23ProducerConsumerSemaphore.cpp
  24ThreadPool.cpp
  2typesofthreadCreation.cpp
  3JoinandDetach.cpp
  4mutex.cpp
  6.trylock.cpp
  7TimedMutex.cpp
  8RecursiveMutex.cpp
  9lockGuard.cpp
  12DeadlockinC++.cpp
  15PromiseAndFuture.cpp
  Generating Code...
  Compiling...
  starter.cpp
  14std_lock.cpp
  13ThreadSynchornisation.cpp
  Generating Code...
  Threading.vcxproj -> C:\Users\kajjam_kaushik\source\repos\Threading\x64\Debug\Threading.exe
